[PROD][Thu Oct 31 2013 22:09:08]: Started
[VERBOSE][Thu Oct 31 2013 22:10:51]: Attempting to find playlist with ID: test
[VERBOSE][Thu Oct 31 2013 22:11:05]: Attempting to find playlist with ID: savetest
[VERBOSE][Thu Oct 31 2013 22:11:11]: Attempting to find playlist with ID: test
[PROD][Thu Oct 31 2013 22:22:51]: Started
[DEV][Thu Oct 31 2013 22:22:55]: Serving /index.html
[DEV][Thu Oct 31 2013 22:22:56]: Serving /style/jammin.css
[DEV][Thu Oct 31 2013 22:22:56]: Serving /js/lib/jsuri.js
[DEV][Thu Oct 31 2013 22:22:56]: Serving /js/lib/require.js
[DEV][Thu Oct 31 2013 22:22:56]: Serving /js/app.js
[DEV][Thu Oct 31 2013 22:22:56]: Serving /js/app/main.js
[DEV][Thu Oct 31 2013 22:22:56]: Serving /js/lib/arrayinsert.js
[DEV][Thu Oct 31 2013 22:22:56]: Serving /js/app/jammin.js
[DEV][Thu Oct 31 2013 22:22:56]: Serving /js/app/song.js
[DEV][Thu Oct 31 2013 22:22:56]: Serving /js/lib/jquery.js
[DEV][Thu Oct 31 2013 22:22:56]: Serving /js/app/playlist.js
[DEV][Thu Oct 31 2013 22:22:56]: Serving /js/lib/jqueryui.js
[DEV][Thu Oct 31 2013 22:22:56]: Serving /js/app/jamdisplay.js
[PROD][Thu Oct 31 2013 22:24:56]: Started
[PROD][Thu Oct 31 2013 22:25:52]: Started
[PROD][Thu Oct 31 2013 22:31:56]: Started
[PROD][Thu Oct 31 2013 22:32:18]: Started
[PROD][Thu Oct 31 2013 22:33:16]: Started
[DEV][Thu Oct 31 2013 22:33:19]: [object Object]
[PROD][Thu Oct 31 2013 22:34:10]: Started
[DEV][Thu Oct 31 2013 22:34:12]: eoncoding => undefined
[PROD][Thu Oct 31 2013 22:35:10]: Started
[PROD][Thu Oct 31 2013 22:35:38]: Started
[DEV][Thu Oct 31 2013 22:35:41]: PATHNAMEextname => .ejs
[PROD][Thu Oct 31 2013 22:36:17]: Started
[PROD][Thu Oct 31 2013 22:37:51]: Started
[PROD][Thu Oct 31 2013 22:41:02]: Started
[DEV][Thu Oct 31 2013 22:41:05]: Serving /playlist.ejs
[ERROR][Thu Oct 31 2013 22:41:05]: SyntaxError: Unexpected token ; while compiling ejs
[PROD][Thu Oct 31 2013 22:41:20]: Started
[DEV][Thu Oct 31 2013 22:41:23]: Serving /playlist.ejs
[ERROR][Thu Oct 31 2013 22:41:23]: ReferenceError: ejs:12
    10| 		<script data-main="js/app" src="js/lib/require.js"></script>
    11| 
 >> 12| 		<title><%= title %></title>
    13| 	</head>
    14| 	<body>
    15| 		<div id='jamz'></div>

title is not defined
[PROD][Thu Oct 31 2013 22:41:52]: Started
[DEV][Thu Oct 31 2013 22:41:55]: Serving /playlist.ejs
[PROD][Thu Oct 31 2013 22:42:21]: Started
[DEV][Thu Oct 31 2013 22:42:24]: Serving /playlist.ejs
[DEV][Thu Oct 31 2013 22:42:24]: Serving /style/jammin.css
[DEV][Thu Oct 31 2013 22:42:24]: Serving /js/lib/jsuri.js
[DEV][Thu Oct 31 2013 22:42:24]: Serving /js/lib/require.js
[DEV][Thu Oct 31 2013 22:42:25]: Serving /js/app.js
[DEV][Thu Oct 31 2013 22:42:25]: Serving /js/app/main.js
[DEV][Thu Oct 31 2013 22:42:25]: Serving /js/app/jammin.js
[DEV][Thu Oct 31 2013 22:42:25]: Serving /js/lib/arrayinsert.js
[DEV][Thu Oct 31 2013 22:42:25]: Serving /js/lib/jquery.js
[DEV][Thu Oct 31 2013 22:42:25]: Serving /js/app/song.js
[DEV][Thu Oct 31 2013 22:42:25]: Serving /js/app/playlist.js
[DEV][Thu Oct 31 2013 22:42:25]: Serving /js/lib/jqueryui.js
[DEV][Thu Oct 31 2013 22:42:25]: Serving /js/app/jamdisplay.js
[PROD][Thu Oct 31 2013 22:42:49]: Started
[DEV][Thu Oct 31 2013 22:42:52]: Serving /playlist.ejs
[DEV][Thu Oct 31 2013 22:42:52]: Serving /style/jammin.css
[DEV][Thu Oct 31 2013 22:42:52]: Serving /js/lib/jsuri.js
[DEV][Thu Oct 31 2013 22:42:52]: Serving /js/lib/require.js
[DEV][Thu Oct 31 2013 22:42:52]: Serving /js/app.js
[DEV][Thu Oct 31 2013 22:42:52]: Serving /js/app/main.js
[DEV][Thu Oct 31 2013 22:42:52]: Serving /js/app/jammin.js
[DEV][Thu Oct 31 2013 22:42:52]: Serving /js/lib/arrayinsert.js
[DEV][Thu Oct 31 2013 22:42:52]: Serving /js/lib/jquery.js
[DEV][Thu Oct 31 2013 22:42:52]: Serving /js/app/song.js
[DEV][Thu Oct 31 2013 22:42:52]: Serving /js/app/playlist.js
[DEV][Thu Oct 31 2013 22:42:52]: Serving /js/lib/jqueryui.js
[DEV][Thu Oct 31 2013 22:42:52]: Serving /js/app/jamdisplay.js
[PROD][Thu Oct 31 2013 22:50:34]: Started
[DEV][Thu Oct 31 2013 22:50:36]: Serving /playlist.ejs
[DEV][Thu Oct 31 2013 22:50:36]: Serving /style/jammin.css
[DEV][Thu Oct 31 2013 22:50:36]: Serving /js/lib/jsuri.js
[DEV][Thu Oct 31 2013 22:50:36]: Serving /js/lib/require.js
[DEV][Thu Oct 31 2013 22:50:37]: Serving /js/app.js
[DEV][Thu Oct 31 2013 22:50:37]: Serving /js/app/main.js
[DEV][Thu Oct 31 2013 22:50:37]: Serving /js/app/jammin.js
[DEV][Thu Oct 31 2013 22:50:37]: Serving /js/lib/arrayinsert.js
[DEV][Thu Oct 31 2013 22:50:37]: Serving /js/lib/jquery.js
[DEV][Thu Oct 31 2013 22:50:37]: Serving /js/app/song.js
[DEV][Thu Oct 31 2013 22:50:37]: Serving /js/app/playlist.js
[DEV][Thu Oct 31 2013 22:50:37]: Serving /js/lib/jqueryui.js
[DEV][Thu Oct 31 2013 22:50:37]: Serving /js/app/jamdisplay.js
[DEV][Thu Oct 31 2013 22:51:54]: Serving /playlist.ejs
[DEV][Thu Oct 31 2013 22:51:54]: Serving /style/jammin.css
[DEV][Thu Oct 31 2013 22:51:54]: Serving /js/lib/jsuri.js
[DEV][Thu Oct 31 2013 22:51:54]: Serving /js/lib/require.js
[DEV][Thu Oct 31 2013 22:51:55]: Serving /js/app.js
[DEV][Thu Oct 31 2013 22:51:55]: Serving /js/app/main.js
[DEV][Thu Oct 31 2013 22:51:55]: Serving /js/lib/arrayinsert.js
[DEV][Thu Oct 31 2013 22:51:55]: Serving /js/app/jammin.js
[DEV][Thu Oct 31 2013 22:51:55]: Serving /js/lib/jquery.js
[DEV][Thu Oct 31 2013 22:51:55]: Serving /js/app/song.js
[DEV][Thu Oct 31 2013 22:51:55]: Serving /js/app/playlist.js
[DEV][Thu Oct 31 2013 22:51:55]: Serving /js/lib/jqueryui.js
[DEV][Thu Oct 31 2013 22:51:55]: Serving /js/app/jamdisplay.js
[DEV][Thu Oct 31 2013 22:53:24]: Serving /playlist.ejs
[DEV][Thu Oct 31 2013 22:53:24]: Serving /style/jammin.css
[DEV][Thu Oct 31 2013 22:53:24]: Serving /js/lib/jsuri.js
[DEV][Thu Oct 31 2013 22:53:24]: Serving /js/lib/require.js
[DEV][Thu Oct 31 2013 22:53:25]: Serving /js/app.js
[DEV][Thu Oct 31 2013 22:53:25]: Serving /js/app/main.js
[DEV][Thu Oct 31 2013 22:53:25]: Serving /js/app/jammin.js
[DEV][Thu Oct 31 2013 22:53:25]: Serving /js/lib/arrayinsert.js
[DEV][Thu Oct 31 2013 22:53:25]: Serving /js/lib/jquery.js
[DEV][Thu Oct 31 2013 22:53:25]: Serving /js/app/playlist.js
[DEV][Thu Oct 31 2013 22:53:25]: Serving /js/app/song.js
[DEV][Thu Oct 31 2013 22:53:25]: Serving /js/lib/jqueryui.js
[DEV][Thu Oct 31 2013 22:53:25]: Serving /js/app/jamdisplay.js
[DEV][Thu Oct 31 2013 22:53:34]: Serving /playlist.ejs
[DEV][Thu Oct 31 2013 22:53:34]: Serving /style/jammin.css
[DEV][Thu Oct 31 2013 22:53:34]: Serving /js/lib/jsuri.js
[DEV][Thu Oct 31 2013 22:53:34]: Serving /js/lib/require.js
[DEV][Thu Oct 31 2013 22:53:35]: Serving /js/app.js
[DEV][Thu Oct 31 2013 22:53:35]: Serving /js/app/main.js
[DEV][Thu Oct 31 2013 22:53:35]: Serving /js/app/jammin.js
[DEV][Thu Oct 31 2013 22:53:35]: Serving /js/lib/arrayinsert.js
[DEV][Thu Oct 31 2013 22:53:35]: Serving /js/lib/jquery.js
[DEV][Thu Oct 31 2013 22:53:35]: Serving /js/app/song.js
[DEV][Thu Oct 31 2013 22:53:35]: Serving /js/app/playlist.js
[DEV][Thu Oct 31 2013 22:53:35]: Serving /js/lib/jqueryui.js
[DEV][Thu Oct 31 2013 22:53:35]: Serving /js/app/jamdisplay.js
[PROD][Fri Nov 01 2013 00:25:38]: Started
[PROD][Fri Nov 01 2013 00:28:40]: Started
[PROD][Fri Nov 01 2013 00:28:42]: Started
[DEV][Fri Nov 01 2013 00:28:48]: Serving /playlist.ejs
[DEV][Fri Nov 01 2013 00:28:48]: Serving /style/jammin.css
[DEV][Fri Nov 01 2013 00:28:48]: Serving /js/lib/require.js
[DEV][Fri Nov 01 2013 00:28:48]: Serving /js/lib/jsuri.js
[DEV][Fri Nov 01 2013 00:28:48]: Serving /js/app.js
[PROD][Fri Nov 01 2013 00:28:48]: Denied request for /favicon.ico
[DEV][Fri Nov 01 2013 00:28:48]: Serving /js/app/main.js
[DEV][Fri Nov 01 2013 00:28:48]: Serving /js/app/jammin.js
[DEV][Fri Nov 01 2013 00:28:48]: Serving /js/lib/arrayinsert.js
[DEV][Fri Nov 01 2013 00:28:48]: Serving /js/lib/jquery.js
[DEV][Fri Nov 01 2013 00:28:48]: Serving /js/app/song.js
[DEV][Fri Nov 01 2013 00:28:48]: Serving /js/app/playlist.js
[DEV][Fri Nov 01 2013 00:28:48]: Serving /js/lib/jqueryui.js
[DEV][Fri Nov 01 2013 00:28:48]: Serving /js/app/jamdisplay.js
[PROD][Fri Nov 01 2013 00:45:38]: Started
[DEV][Fri Nov 01 2013 00:45:41]: Serving /playlist.ejs
[DEV][Fri Nov 01 2013 00:45:41]: Serving /style/jammin.css
[DEV][Fri Nov 01 2013 00:45:41]: Serving /js/lib/jsuri.js
[DEV][Fri Nov 01 2013 00:45:41]: Serving /js/lib/require.js
[DEV][Fri Nov 01 2013 00:45:42]: Serving /js/app.js
[DEV][Fri Nov 01 2013 00:45:42]: Serving /js/app/main.js
[DEV][Fri Nov 01 2013 00:45:42]: Serving /js/app/jammin.js
[DEV][Fri Nov 01 2013 00:45:42]: Serving /js/lib/jquery.js
[DEV][Fri Nov 01 2013 00:45:42]: Serving /js/lib/arrayinsert.js
[DEV][Fri Nov 01 2013 00:45:42]: Serving /js/app/song.js
[DEV][Fri Nov 01 2013 00:45:42]: Serving /js/app/playlist.js
[DEV][Fri Nov 01 2013 00:45:42]: Serving /js/lib/jqueryui.js
[DEV][Fri Nov 01 2013 00:45:42]: Serving /js/app/jamdisplay.js
[VERBOSE][Fri Nov 01 2013 00:45:46]: Attempting to find playlist with ID: test
[PROD][Fri Nov 01 2013 00:46:59]: Started
[VERBOSE][Fri Nov 01 2013 00:47:02]: Attempting to find playlist with ID: test
[PROD][Fri Nov 01 2013 00:47:02]: Serving playlist test
[DEV][Fri Nov 01 2013 00:47:02]: TypeError: Object <html>
	<head>
		<link rel="stylesheet" href="style/jammin.css" />
		<script type="text/javascript" src="http://connect.soundcloud.com/sdk.js"></script>
		<script type="text/javascript" src="https://w.soundcloud.com/player/api.js"></script>
		<script type="text/javascript">
			<%= (typeof init_playlist == 'undefined') ? '' : "var LINKTAPE_INIT_PLAYLIST = " + JSON.stringify(init_playlist) %>;
		</script>
		<script type="text/javascript" src="js/lib/jsuri.js"></script>
		<script data-main="js/app" src="js/lib/require.js"></script>

		<title><%= title %></title>
	</head>
	<body>
		<div id='jamz'></div>
	</body>
</html> has no method 'substr'
[PROD][Fri Nov 01 2013 00:48:19]: Started
[VERBOSE][Fri Nov 01 2013 00:48:22]: Attempting to find playlist with ID: test
[PROD][Fri Nov 01 2013 00:48:22]: Serving playlist test
[PROD][Fri Nov 01 2013 00:48:43]: Started
[PROD][Fri Nov 01 2013 00:49:25]: Started
[PROD][Fri Nov 01 2013 00:50:04]: Started
[VERBOSE][Fri Nov 01 2013 00:50:06]: Attempting to find playlist with ID: test
[PROD][Fri Nov 01 2013 00:50:06]: Serving playlist test
[DEV][Fri Nov 01 2013 00:50:06]: Serving /style/jammin.css
[DEV][Fri Nov 01 2013 00:50:06]: Serving /js/lib/jsuri.js
[DEV][Fri Nov 01 2013 00:50:06]: Serving /js/lib/require.js
[DEV][Fri Nov 01 2013 00:50:06]: Serving /js/app.js
[DEV][Fri Nov 01 2013 00:50:06]: Serving /js/app/main.js
[DEV][Fri Nov 01 2013 00:50:06]: Serving /js/app/jammin.js
[DEV][Fri Nov 01 2013 00:50:06]: Serving /js/lib/arrayinsert.js
[DEV][Fri Nov 01 2013 00:50:06]: Serving /js/lib/jquery.js
[DEV][Fri Nov 01 2013 00:50:06]: Serving /js/app/playlist.js
[DEV][Fri Nov 01 2013 00:50:06]: Serving /js/app/song.js
[DEV][Fri Nov 01 2013 00:50:06]: Serving /js/lib/jqueryui.js
[DEV][Fri Nov 01 2013 00:50:06]: Serving /js/app/jamdisplay.js
[PROD][Fri Nov 01 2013 00:50:41]: Started
[VERBOSE][Fri Nov 01 2013 00:50:44]: Attempting to find playlist with ID: test
[PROD][Fri Nov 01 2013 00:50:44]: Serving playlist test
[DEV][Fri Nov 01 2013 00:50:44]: Serving /style/jammin.css
[DEV][Fri Nov 01 2013 00:50:44]: Serving /js/lib/jsuri.js
[DEV][Fri Nov 01 2013 00:50:44]: Serving /js/lib/require.js
[DEV][Fri Nov 01 2013 00:50:44]: Serving /js/app.js
[DEV][Fri Nov 01 2013 00:50:44]: Serving /js/app/main.js
[DEV][Fri Nov 01 2013 00:50:44]: Serving /js/app/jammin.js
[DEV][Fri Nov 01 2013 00:50:44]: Serving /js/lib/arrayinsert.js
[DEV][Fri Nov 01 2013 00:50:44]: Serving /js/lib/jquery.js
[DEV][Fri Nov 01 2013 00:50:44]: Serving /js/app/song.js
[DEV][Fri Nov 01 2013 00:50:44]: Serving /js/app/playlist.js
[DEV][Fri Nov 01 2013 00:50:45]: Serving /js/lib/jqueryui.js
[DEV][Fri Nov 01 2013 00:50:45]: Serving /js/app/jamdisplay.js
[PROD][Fri Nov 01 2013 00:54:35]: Started
[VERBOSE][Fri Nov 01 2013 00:54:39]: Attempting to find playlist with ID: test
[PROD][Fri Nov 01 2013 00:54:39]: Serving playlist test
[DEV][Fri Nov 01 2013 00:54:39]: Serving /js/lib/jsuri.js
[DEV][Fri Nov 01 2013 00:54:39]: Serving /style/jammin.css
[DEV][Fri Nov 01 2013 00:54:39]: Serving /js/lib/require.js
[DEV][Fri Nov 01 2013 00:54:40]: Serving /js/app.js
[DEV][Fri Nov 01 2013 00:54:40]: Serving /js/app/main.js
[DEV][Fri Nov 01 2013 00:54:40]: Serving /js/app/jammin.js
[DEV][Fri Nov 01 2013 00:54:40]: Serving /js/lib/arrayinsert.js
[DEV][Fri Nov 01 2013 00:54:40]: Serving /js/lib/jquery.js
[DEV][Fri Nov 01 2013 00:54:40]: Serving /js/app/song.js
[DEV][Fri Nov 01 2013 00:54:40]: Serving /js/app/playlist.js
[DEV][Fri Nov 01 2013 00:54:40]: Serving /js/lib/jqueryui.js
[DEV][Fri Nov 01 2013 00:54:40]: Serving /js/app/jamdisplay.js
[PROD][Fri Nov 01 2013 00:55:20]: Started
[VERBOSE][Fri Nov 01 2013 00:55:23]: Attempting to find playlist with ID: test
[PROD][Fri Nov 01 2013 00:55:23]: Serving playlist test
[DEV][Fri Nov 01 2013 00:55:23]: Serving /style/jammin.css
[DEV][Fri Nov 01 2013 00:55:23]: Serving /js/lib/jsuri.js
[DEV][Fri Nov 01 2013 00:55:23]: Serving /js/lib/require.js
[DEV][Fri Nov 01 2013 00:55:23]: Serving /js/app.js
[DEV][Fri Nov 01 2013 00:55:23]: Serving /js/app/main.js
[DEV][Fri Nov 01 2013 00:55:23]: Serving /js/app/jammin.js
[DEV][Fri Nov 01 2013 00:55:23]: Serving /js/lib/arrayinsert.js
[DEV][Fri Nov 01 2013 00:55:23]: Serving /js/app/song.js
[DEV][Fri Nov 01 2013 00:55:23]: Serving /js/app/playlist.js
[DEV][Fri Nov 01 2013 00:55:23]: Serving /js/lib/jquery.js
[DEV][Fri Nov 01 2013 00:55:23]: Serving /js/app/jamdisplay.js
[DEV][Fri Nov 01 2013 00:55:23]: Serving /js/lib/jqueryui.js
[PROD][Fri Nov 01 2013 00:56:49]: Started
[VERBOSE][Fri Nov 01 2013 00:56:54]: Attempting to find playlist with ID: test
[PROD][Fri Nov 01 2013 00:56:54]: Serving playlist test
[DEV][Fri Nov 01 2013 00:56:54]: Serving /style/jammin.css
[DEV][Fri Nov 01 2013 00:56:54]: Serving /js/lib/jsuri.js
[DEV][Fri Nov 01 2013 00:56:54]: Serving /js/lib/require.js
[DEV][Fri Nov 01 2013 00:56:54]: Serving /js/app.js
[DEV][Fri Nov 01 2013 00:56:54]: Serving /js/app/main.js
[DEV][Fri Nov 01 2013 00:56:54]: Serving /js/app/jammin.js
[DEV][Fri Nov 01 2013 00:56:54]: Serving /js/lib/arrayinsert.js
[DEV][Fri Nov 01 2013 00:56:54]: Serving /js/lib/jquery.js
[DEV][Fri Nov 01 2013 00:56:54]: Serving /js/app/song.js
[DEV][Fri Nov 01 2013 00:56:54]: Serving /js/app/playlist.js
[DEV][Fri Nov 01 2013 00:56:54]: Serving /js/lib/jqueryui.js
[DEV][Fri Nov 01 2013 00:56:54]: Serving /js/app/jamdisplay.js
[PROD][Fri Nov 01 2013 00:57:14]: Started
[VERBOSE][Fri Nov 01 2013 00:57:16]: Attempting to find playlist with ID: test
[PROD][Fri Nov 01 2013 00:57:16]: Serving playlist test
[DEV][Fri Nov 01 2013 00:57:16]: Serving /style/jammin.css
[DEV][Fri Nov 01 2013 00:57:16]: Serving /js/lib/jsuri.js
[DEV][Fri Nov 01 2013 00:57:16]: Serving /js/lib/require.js
[DEV][Fri Nov 01 2013 00:57:17]: Serving /js/app.js
[DEV][Fri Nov 01 2013 00:57:17]: Serving /js/app/main.js
[DEV][Fri Nov 01 2013 00:57:17]: Serving /js/app/jammin.js
[DEV][Fri Nov 01 2013 00:57:17]: Serving /js/lib/arrayinsert.js
[DEV][Fri Nov 01 2013 00:57:17]: Serving /js/lib/jquery.js
[DEV][Fri Nov 01 2013 00:57:17]: Serving /js/app/song.js
[DEV][Fri Nov 01 2013 00:57:17]: Serving /js/app/playlist.js
[DEV][Fri Nov 01 2013 00:57:17]: Serving /js/lib/jqueryui.js
[DEV][Fri Nov 01 2013 00:57:17]: Serving /js/app/jamdisplay.js
[PROD][Fri Nov 01 2013 00:57:31]: Started
[VERBOSE][Fri Nov 01 2013 00:57:33]: Attempting to find playlist with ID: test
[PROD][Fri Nov 01 2013 00:57:33]: Serving playlist test
[DEV][Fri Nov 01 2013 00:57:33]: Serving /style/jammin.css
[DEV][Fri Nov 01 2013 00:57:33]: Serving /js/lib/jsuri.js
[DEV][Fri Nov 01 2013 00:57:33]: Serving /js/lib/require.js
[DEV][Fri Nov 01 2013 00:57:33]: Serving /js/app.js
[DEV][Fri Nov 01 2013 00:57:33]: Serving /js/app/main.js
[DEV][Fri Nov 01 2013 00:57:33]: Serving /js/app/jammin.js
[DEV][Fri Nov 01 2013 00:57:33]: Serving /js/lib/arrayinsert.js
[DEV][Fri Nov 01 2013 00:57:33]: Serving /js/lib/jquery.js
[DEV][Fri Nov 01 2013 00:57:33]: Serving /js/app/song.js
[DEV][Fri Nov 01 2013 00:57:33]: Serving /js/app/playlist.js
[DEV][Fri Nov 01 2013 00:57:33]: Serving /js/lib/jqueryui.js
[DEV][Fri Nov 01 2013 00:57:33]: Serving /js/app/jamdisplay.js
[DEV][Fri Nov 01 2013 01:02:57]: Serving /playlist.ejs
[DEV][Fri Nov 01 2013 01:02:57]: Serving /style/jammin.css
[DEV][Fri Nov 01 2013 01:02:57]: Serving /js/lib/jsuri.js
[DEV][Fri Nov 01 2013 01:02:57]: Serving /js/lib/require.js
[DEV][Fri Nov 01 2013 01:02:57]: Serving /js/app.js
[DEV][Fri Nov 01 2013 01:02:57]: Serving /js/app/main.js
[DEV][Fri Nov 01 2013 01:02:57]: Serving /js/app/jammin.js
[DEV][Fri Nov 01 2013 01:02:57]: Serving /js/lib/arrayinsert.js
[VERBOSE][Fri Nov 01 2013 01:02:57]: Attempting to find playlist with ID: favicon.ico
[DEV][Fri Nov 01 2013 01:02:57]: Serving /js/lib/jquery.js
[DEV][Fri Nov 01 2013 01:02:57]: Serving /js/app/song.js
[DEV][Fri Nov 01 2013 01:02:57]: Serving /js/app/playlist.js
[DEV][Fri Nov 01 2013 01:02:57]: TypeError: Cannot read property 'name' of null
[PROD][Fri Nov 01 2013 01:02:57]: Serving playlist favicon.ico
[DEV][Fri Nov 01 2013 01:02:57]: Serving /js/lib/jqueryui.js
[DEV][Fri Nov 01 2013 01:02:57]: Serving /js/app/jamdisplay.js
[DEV][Fri Nov 01 2013 01:03:52]: Serving /playlist.ejs
[DEV][Fri Nov 01 2013 01:03:52]: Serving /js/lib/jsuri.js
[DEV][Fri Nov 01 2013 01:03:52]: Serving /js/lib/require.js
[DEV][Fri Nov 01 2013 01:03:52]: Serving /style/jammin.css
[DEV][Fri Nov 01 2013 01:03:52]: Serving /js/app.js
[DEV][Fri Nov 01 2013 01:03:52]: Serving /js/app/main.js
[DEV][Fri Nov 01 2013 01:03:52]: Serving /js/app/jammin.js
[DEV][Fri Nov 01 2013 01:03:52]: Serving /js/lib/arrayinsert.js
[DEV][Fri Nov 01 2013 01:03:52]: Serving /js/lib/jquery.js
[DEV][Fri Nov 01 2013 01:03:52]: Serving /js/app/song.js
[DEV][Fri Nov 01 2013 01:03:52]: Serving /js/app/playlist.js
[DEV][Fri Nov 01 2013 01:03:52]: Serving /js/lib/jqueryui.js
[DEV][Fri Nov 01 2013 01:03:52]: Serving /js/app/jamdisplay.js
[VERBOSE][Fri Nov 01 2013 01:04:04]: Attempting to find playlist with ID: localhost
[PROD][Fri Nov 01 2013 01:04:04]: Serving playlist localhost
[DEV][Fri Nov 01 2013 01:04:04]: TypeError: Cannot read property 'name' of null
[VERBOSE][Fri Nov 01 2013 01:04:57]: Attempting to find playlist with ID: favicon.ico
[PROD][Fri Nov 01 2013 01:04:57]: Serving playlist favicon.ico
[DEV][Fri Nov 01 2013 01:04:57]: TypeError: Cannot read property 'name' of null
[VERBOSE][Fri Nov 01 2013 01:06:04]: Attempting to find playlist with ID: localhost
[PROD][Fri Nov 01 2013 01:06:04]: Serving playlist localhost
[DEV][Fri Nov 01 2013 01:06:04]: TypeError: Cannot read property 'name' of null
[PROD][Fri Nov 01 2013 01:06:11]: Started
[VERBOSE][Fri Nov 01 2013 01:06:12]: Attempting to find playlist with ID: favicon.ico
[PROD][Fri Nov 01 2013 01:06:12]: Serving playlist favicon.ico
[DEV][Fri Nov 01 2013 01:06:12]: TypeError: Cannot read property 'name' of null
[DEV][Fri Nov 01 2013 01:06:16]: Serving /playlist.ejs
[DEV][Fri Nov 01 2013 01:06:16]: Serving /style/jammin.css
[DEV][Fri Nov 01 2013 01:06:16]: Serving /js/lib/jsuri.js
[DEV][Fri Nov 01 2013 01:06:16]: Serving /js/lib/require.js
[DEV][Fri Nov 01 2013 01:06:16]: Serving /js/app.js
[DEV][Fri Nov 01 2013 01:06:16]: Serving /js/app/main.js
[DEV][Fri Nov 01 2013 01:06:16]: Serving /js/app/jammin.js
[DEV][Fri Nov 01 2013 01:06:16]: Serving /js/lib/arrayinsert.js
[DEV][Fri Nov 01 2013 01:06:16]: Serving /js/lib/jquery.js
[DEV][Fri Nov 01 2013 01:06:16]: Serving /js/app/song.js
[DEV][Fri Nov 01 2013 01:06:16]: Serving /js/app/playlist.js
[DEV][Fri Nov 01 2013 01:06:16]: Serving /js/lib/jqueryui.js
[DEV][Fri Nov 01 2013 01:06:16]: Serving /js/app/jamdisplay.js
[VERBOSE][Fri Nov 01 2013 01:06:46]: Attempting to find playlist with ID: null
[PROD][Fri Nov 01 2013 01:06:46]: Serving playlist null
[DEV][Fri Nov 01 2013 01:06:46]: TypeError: Cannot read property 'name' of null
[VERBOSE][Fri Nov 01 2013 01:06:55]: Attempting to find playlist with ID: localhost
[PROD][Fri Nov 01 2013 01:06:55]: Serving playlist localhost
[DEV][Fri Nov 01 2013 01:06:55]: TypeError: Cannot read property 'name' of null
[VERBOSE][Fri Nov 01 2013 01:08:12]: Attempting to find playlist with ID: favicon.ico
[PROD][Fri Nov 01 2013 01:08:12]: Serving playlist favicon.ico
[DEV][Fri Nov 01 2013 01:08:12]: TypeError: Cannot read property 'name' of null
[VERBOSE][Fri Nov 01 2013 01:08:46]: Attempting to find playlist with ID: null
[PROD][Fri Nov 01 2013 01:08:46]: Serving playlist null
[DEV][Fri Nov 01 2013 01:08:46]: TypeError: Cannot read property 'name' of null
[VERBOSE][Fri Nov 01 2013 01:08:55]: Attempting to find playlist with ID: localhost
[PROD][Fri Nov 01 2013 01:08:55]: Serving playlist localhost
[DEV][Fri Nov 01 2013 01:08:55]: TypeError: Cannot read property 'name' of null
[PROD][Fri Nov 01 2013 01:09:34]: Started
[VERBOSE][Fri Nov 01 2013 01:09:34]: Attempting to find playlist with ID: favicon.ico
[PROD][Fri Nov 01 2013 01:09:34]: Serving playlist favicon.ico
[DEV][Fri Nov 01 2013 01:09:34]: TypeError: Cannot read property 'name' of null
[VERBOSE][Fri Nov 01 2013 01:09:46]: Attempting to find playlist with ID: localhost
[PROD][Fri Nov 01 2013 01:09:46]: Serving playlist localhost
[DEV][Fri Nov 01 2013 01:09:46]: TypeError: Cannot read property 'name' of null
[PROD][Fri Nov 01 2013 01:11:18]: Started
[DEV][Fri Nov 01 2013 01:11:20]: Serving /playlist.ejs
[DEV][Fri Nov 01 2013 01:11:20]: Serving /style/jammin.css
[DEV][Fri Nov 01 2013 01:11:20]: Serving /js/lib/jsuri.js
[DEV][Fri Nov 01 2013 01:11:20]: Serving /js/lib/require.js
[DEV][Fri Nov 01 2013 01:11:21]: Serving /js/app.js
[DEV][Fri Nov 01 2013 01:11:21]: Serving /js/app/main.js
[VERBOSE][Fri Nov 01 2013 01:11:21]: Attempting to find playlist with ID: favicon.ico
[DEV][Fri Nov 01 2013 01:11:21]: Serving /js/app/jammin.js
[PROD][Fri Nov 01 2013 01:11:21]: Serving playlist favicon.ico
[DEV][Fri Nov 01 2013 01:11:21]: TypeError: Cannot read property 'name' of null
[DEV][Fri Nov 01 2013 01:11:21]: Serving /js/lib/arrayinsert.js
[DEV][Fri Nov 01 2013 01:11:21]: Serving /js/lib/jquery.js
[DEV][Fri Nov 01 2013 01:11:21]: Serving /js/app/song.js
[DEV][Fri Nov 01 2013 01:11:21]: Serving /js/app/playlist.js
[DEV][Fri Nov 01 2013 01:11:21]: Serving /js/lib/jqueryui.js
[DEV][Fri Nov 01 2013 01:11:21]: Serving /js/app/jamdisplay.js
[DEV][Fri Nov 01 2013 01:11:28]: [object Object]
[DEV][Fri Nov 01 2013 01:11:28]: Saving playlist g0xv2hzc3
[VERBOSE][Fri Nov 01 2013 01:12:04]: Attempting to find playlist with ID: g0xv2hzc3
[PROD][Fri Nov 01 2013 01:12:04]: Serving playlist g0xv2hzc3
[DEV][Fri Nov 01 2013 01:12:04]: Serving /style/jammin.css
[DEV][Fri Nov 01 2013 01:12:04]: Serving /js/lib/jsuri.js
[DEV][Fri Nov 01 2013 01:12:04]: Serving /js/lib/require.js
[DEV][Fri Nov 01 2013 01:12:04]: Serving /js/app.js
[DEV][Fri Nov 01 2013 01:12:04]: Serving /js/app/main.js
[DEV][Fri Nov 01 2013 01:12:04]: Serving /js/app/jammin.js
[DEV][Fri Nov 01 2013 01:12:04]: Serving /js/lib/arrayinsert.js
[DEV][Fri Nov 01 2013 01:12:04]: Serving /js/app/song.js
[DEV][Fri Nov 01 2013 01:12:04]: Serving /js/app/playlist.js
[DEV][Fri Nov 01 2013 01:12:04]: Serving /js/lib/jquery.js
[DEV][Fri Nov 01 2013 01:12:04]: Serving /js/app/jamdisplay.js
[DEV][Fri Nov 01 2013 01:12:04]: Serving /js/lib/jqueryui.js
[VERBOSE][Fri Nov 01 2013 01:13:19]: Attempting to find playlist with ID: g0xv2hzc3
[PROD][Fri Nov 01 2013 01:13:19]: Serving playlist g0xv2hzc3
[DEV][Fri Nov 01 2013 01:13:19]: Serving /style/jammin.css
[DEV][Fri Nov 01 2013 01:13:19]: Serving /js/lib/jsuri.js
[DEV][Fri Nov 01 2013 01:13:19]: Serving /js/lib/require.js
[DEV][Fri Nov 01 2013 01:13:19]: Serving /js/app.js
[DEV][Fri Nov 01 2013 01:13:19]: Serving /js/app/main.js
[DEV][Fri Nov 01 2013 01:13:19]: Serving /js/app/jammin.js
[DEV][Fri Nov 01 2013 01:13:19]: Serving /js/lib/arrayinsert.js
[DEV][Fri Nov 01 2013 01:13:19]: Serving /js/lib/jquery.js
[DEV][Fri Nov 01 2013 01:13:19]: Serving /js/app/song.js
[DEV][Fri Nov 01 2013 01:13:19]: Serving /js/app/playlist.js
[DEV][Fri Nov 01 2013 01:13:19]: Serving /js/lib/jqueryui.js
[DEV][Fri Nov 01 2013 01:13:19]: Serving /js/app/jamdisplay.js
[VERBOSE][Fri Nov 01 2013 01:13:21]: Attempting to find playlist with ID: favicon.ico
[PROD][Fri Nov 01 2013 01:13:21]: Serving playlist favicon.ico
[DEV][Fri Nov 01 2013 01:13:21]: TypeError: Cannot read property 'name' of null
[VERBOSE][Fri Nov 01 2013 01:14:16]: Attempting to find playlist with ID: g0xv2hzc3
[PROD][Fri Nov 01 2013 01:14:16]: Serving playlist g0xv2hzc3
[DEV][Fri Nov 01 2013 01:14:16]: Serving /style/jammin.css
[DEV][Fri Nov 01 2013 01:14:16]: Serving /js/lib/jsuri.js
[DEV][Fri Nov 01 2013 01:14:16]: Serving /js/lib/require.js
[DEV][Fri Nov 01 2013 01:14:17]: Serving /js/app.js
[DEV][Fri Nov 01 2013 01:14:17]: Serving /js/app/main.js
[DEV][Fri Nov 01 2013 01:14:17]: Serving /js/app/jammin.js
[DEV][Fri Nov 01 2013 01:14:17]: Serving /js/lib/arrayinsert.js
[DEV][Fri Nov 01 2013 01:14:17]: Serving /js/lib/jquery.js
[DEV][Fri Nov 01 2013 01:14:17]: Serving /js/app/song.js
[DEV][Fri Nov 01 2013 01:14:17]: Serving /js/app/playlist.js
[DEV][Fri Nov 01 2013 01:14:17]: Serving /js/lib/jqueryui.js
[DEV][Fri Nov 01 2013 01:14:17]: Serving /js/app/jamdisplay.js
[VERBOSE][Fri Nov 01 2013 01:15:21]: Attempting to find playlist with ID: favicon.ico
[PROD][Fri Nov 01 2013 01:15:21]: Serving playlist favicon.ico
[DEV][Fri Nov 01 2013 01:15:21]: TypeError: Cannot read property 'name' of null
[PROD][Fri Nov 01 2013 01:24:35]: Started
[VERBOSE][Fri Nov 01 2013 01:24:47]: Attempting to find playlist with ID: g0xv2hzc3
[PROD][Fri Nov 01 2013 01:24:47]: Serving playlist g0xv2hzc3
[DEV][Fri Nov 01 2013 01:24:47]: Serving /style/jammin.css
[DEV][Fri Nov 01 2013 01:24:47]: Serving /js/lib/jsuri.js
[DEV][Fri Nov 01 2013 01:24:47]: Serving /js/lib/require.js
[DEV][Fri Nov 01 2013 01:24:48]: Serving /js/app.js
[VERBOSE][Fri Nov 01 2013 01:24:48]: Attempting to find playlist with ID: favicon.ico
[DEV][Fri Nov 01 2013 01:24:48]: Serving /js/app/main.js
[PROD][Fri Nov 01 2013 01:24:48]: Serving playlist favicon.ico
[DEV][Fri Nov 01 2013 01:24:48]: TypeError: Cannot read property 'name' of null
[DEV][Fri Nov 01 2013 01:24:48]: Serving /js/app/jammin.js
[DEV][Fri Nov 01 2013 01:24:48]: Serving /js/lib/arrayinsert.js
[DEV][Fri Nov 01 2013 01:24:48]: Serving /js/lib/jquery.js
[DEV][Fri Nov 01 2013 01:24:48]: Serving /js/app/song.js
[DEV][Fri Nov 01 2013 01:24:48]: Serving /js/app/playlist.js
[DEV][Fri Nov 01 2013 01:24:48]: Serving /js/lib/jqueryui.js
[DEV][Fri Nov 01 2013 01:24:48]: Serving /js/app/jamdisplay.js
[PROD][Fri Nov 01 2013 01:25:04]: Started
[VERBOSE][Fri Nov 01 2013 01:25:04]: Attempting to find playlist with ID: favicon.ico
[PROD][Fri Nov 01 2013 01:25:04]: Serving playlist favicon.ico
[DEV][Fri Nov 01 2013 01:25:04]: TypeError: Cannot read property 'name' of null
[PROD][Fri Nov 01 2013 01:25:08]: Started
[PROD][Fri Nov 01 2013 01:27:03]: Started
[VERBOSE][Fri Nov 01 2013 01:27:09]: Attempting to find playlist with ID: g0xv2hzc3
[PROD][Fri Nov 01 2013 01:27:09]: Serving playlist g0xv2hzc3
[DEV][Fri Nov 01 2013 01:27:09]: Serving /style/jammin.css
[DEV][Fri Nov 01 2013 01:27:09]: Serving /js/lib/jsuri.js
[DEV][Fri Nov 01 2013 01:27:09]: Serving /js/lib/require.js
[DEV][Fri Nov 01 2013 01:27:09]: Serving /js/app.js
[VERBOSE][Fri Nov 01 2013 01:27:09]: Attempting to find playlist with ID: favicon.ico
[DEV][Fri Nov 01 2013 01:27:09]: Serving /js/app/main.js
[PROD][Fri Nov 01 2013 01:27:09]: Denied request for /favicon.ico
[DEV][Fri Nov 01 2013 01:27:09]: Serving /js/app/jammin.js
[DEV][Fri Nov 01 2013 01:27:09]: Serving /js/lib/arrayinsert.js
[DEV][Fri Nov 01 2013 01:27:09]: Serving /js/lib/jquery.js
[DEV][Fri Nov 01 2013 01:27:09]: Serving /js/app/song.js
[DEV][Fri Nov 01 2013 01:27:09]: Serving /js/app/playlist.js
[DEV][Fri Nov 01 2013 01:27:10]: Serving /js/lib/jqueryui.js
[DEV][Fri Nov 01 2013 01:27:10]: Serving /js/app/jamdisplay.js
[PROD][Fri Nov 01 2013 01:27:19]: Started
[VERBOSE][Fri Nov 01 2013 01:27:29]: Attempting to find playlist with ID: g0xv2hzc3
[PROD][Fri Nov 01 2013 01:27:29]: Serving playlist g0xv2hzc3
[DEV][Fri Nov 01 2013 01:27:29]: Serving /style/jammin.css
[DEV][Fri Nov 01 2013 01:27:30]: Serving /js/lib/jsuri.js
[DEV][Fri Nov 01 2013 01:27:30]: Serving /js/lib/require.js
[DEV][Fri Nov 01 2013 01:27:30]: Serving /js/app.js
[DEV][Fri Nov 01 2013 01:27:30]: Serving /js/app/main.js
[DEV][Fri Nov 01 2013 01:27:30]: Serving /js/lib/arrayinsert.js
[DEV][Fri Nov 01 2013 01:27:30]: Serving /js/lib/jquery.js
[DEV][Fri Nov 01 2013 01:27:30]: Serving /js/app/jammin.js
[DEV][Fri Nov 01 2013 01:27:30]: Serving /js/lib/jqueryui.js
[DEV][Fri Nov 01 2013 01:27:30]: Serving /js/app/song.js
[DEV][Fri Nov 01 2013 01:27:30]: Serving /js/app/playlist.js
[DEV][Fri Nov 01 2013 01:27:30]: Serving /js/app/jamdisplay.js
[VERBOSE][Fri Nov 01 2013 01:29:31]: Attempting to find playlist with ID: g0xv2hzc3
[PROD][Fri Nov 01 2013 01:29:31]: Serving playlist g0xv2hzc3
[DEV][Fri Nov 01 2013 01:29:31]: Serving /style/jammin.css
[DEV][Fri Nov 01 2013 01:29:31]: Serving /js/lib/jsuri.js
[DEV][Fri Nov 01 2013 01:29:31]: Serving /js/lib/require.js
[DEV][Fri Nov 01 2013 01:29:31]: Serving /js/app.js
[DEV][Fri Nov 01 2013 01:29:31]: Serving /js/app/main.js
[DEV][Fri Nov 01 2013 01:29:31]: Serving /js/lib/arrayinsert.js
[DEV][Fri Nov 01 2013 01:29:31]: Serving /js/app/jammin.js
[DEV][Fri Nov 01 2013 01:29:31]: Serving /js/lib/jquery.js
[DEV][Fri Nov 01 2013 01:29:31]: Serving /js/app/song.js
[DEV][Fri Nov 01 2013 01:29:31]: Serving /js/app/playlist.js
[DEV][Fri Nov 01 2013 01:29:31]: Serving /js/lib/jqueryui.js
[DEV][Fri Nov 01 2013 01:29:31]: Serving /js/app/jamdisplay.js
[VERBOSE][Fri Nov 01 2013 01:29:58]: Attempting to find playlist with ID: g0xv2hzc3
[PROD][Fri Nov 01 2013 01:29:58]: Serving playlist g0xv2hzc3
[DEV][Fri Nov 01 2013 01:29:58]: Serving /style/jammin.css
[DEV][Fri Nov 01 2013 01:29:58]: Serving /js/lib/jsuri.js
[DEV][Fri Nov 01 2013 01:29:58]: Serving /js/lib/require.js
[DEV][Fri Nov 01 2013 01:29:58]: Serving /js/app.js
[DEV][Fri Nov 01 2013 01:29:58]: Serving /js/app/main.js
[DEV][Fri Nov 01 2013 01:29:58]: Serving /js/app/jammin.js
[DEV][Fri Nov 01 2013 01:29:58]: Serving /js/lib/arrayinsert.js
[DEV][Fri Nov 01 2013 01:29:58]: Serving /js/lib/jquery.js
[DEV][Fri Nov 01 2013 01:29:59]: Serving /js/app/song.js
[DEV][Fri Nov 01 2013 01:29:59]: Serving /js/app/playlist.js
[DEV][Fri Nov 01 2013 01:29:59]: Serving /js/lib/jqueryui.js
[DEV][Fri Nov 01 2013 01:29:59]: Serving /js/app/jamdisplay.js
[VERBOSE][Fri Nov 01 2013 01:34:16]: Attempting to find playlist with ID: g0xv2hzc3
[PROD][Fri Nov 01 2013 01:34:16]: Serving playlist g0xv2hzc3
[DEV][Fri Nov 01 2013 01:34:16]: Serving /style/jammin.css
[DEV][Fri Nov 01 2013 01:34:16]: Serving /js/lib/jsuri.js
[DEV][Fri Nov 01 2013 01:34:16]: Serving /js/lib/require.js
[DEV][Fri Nov 01 2013 01:34:17]: Serving /js/app.js
[DEV][Fri Nov 01 2013 01:34:17]: Serving /js/app/main.js
[DEV][Fri Nov 01 2013 01:34:17]: Serving /js/app/jammin.js
[DEV][Fri Nov 01 2013 01:34:17]: Serving /js/lib/arrayinsert.js
[DEV][Fri Nov 01 2013 01:34:17]: Serving /js/lib/jquery.js
[DEV][Fri Nov 01 2013 01:34:17]: Serving /js/app/song.js
[DEV][Fri Nov 01 2013 01:34:17]: Serving /js/app/playlist.js
[DEV][Fri Nov 01 2013 01:34:17]: Serving /js/lib/jqueryui.js
[DEV][Fri Nov 01 2013 01:34:17]: Serving /js/app/jamdisplay.js
[PROD][Wed Nov 06 2013 22:57:43]: Started
[DEV][Wed Nov 06 2013 22:57:52]: Serving /playlist.ejs
[DEV][Wed Nov 06 2013 22:57:52]: Serving /style/jammin.css
[DEV][Wed Nov 06 2013 22:57:52]: Serving /js/lib/jsuri.js
[DEV][Wed Nov 06 2013 22:57:52]: Serving /js/lib/require.js
[DEV][Wed Nov 06 2013 22:57:53]: Serving /js/app.js
[VERBOSE][Wed Nov 06 2013 22:57:53]: Attempting to find playlist with ID: favicon.ico
[PROD][Wed Nov 06 2013 22:57:53]: Denied request for /favicon.ico
[DEV][Wed Nov 06 2013 22:57:54]: Serving /js/app/main.js
[DEV][Wed Nov 06 2013 22:57:54]: Serving /js/app/jammin.js
[DEV][Wed Nov 06 2013 22:57:54]: Serving /js/app/song.js
[DEV][Wed Nov 06 2013 22:57:54]: Serving /js/lib/arrayinsert.js
[DEV][Wed Nov 06 2013 22:57:54]: Serving /js/app/playlist.js
[DEV][Wed Nov 06 2013 22:57:54]: Serving /js/app/jamdisplay.js
[DEV][Wed Nov 06 2013 22:57:55]: Serving /js/lib/jquery.js
[DEV][Wed Nov 06 2013 22:57:55]: Serving /js/lib/jqueryui.js
[VERBOSE][Wed Nov 06 2013 23:00:48]: Attempting to find playlist with ID: test
[PROD][Wed Nov 06 2013 23:00:48]: Serving playlist test
[DEV][Wed Nov 06 2013 23:00:48]: Serving /style/jammin.css
[DEV][Wed Nov 06 2013 23:00:48]: Serving /js/lib/jsuri.js
[DEV][Wed Nov 06 2013 23:00:48]: Serving /js/lib/require.js
[DEV][Wed Nov 06 2013 23:00:49]: Serving /js/app.js
[DEV][Wed Nov 06 2013 23:00:49]: Serving /js/app/main.js
[DEV][Wed Nov 06 2013 23:00:49]: Serving /js/app/jammin.js
[DEV][Wed Nov 06 2013 23:00:49]: Serving /js/lib/arrayinsert.js
[DEV][Wed Nov 06 2013 23:00:49]: Serving /js/lib/jquery.js
[DEV][Wed Nov 06 2013 23:00:49]: Serving /js/app/song.js
[DEV][Wed Nov 06 2013 23:00:49]: Serving /js/app/playlist.js
[DEV][Wed Nov 06 2013 23:00:49]: Serving /js/lib/jqueryui.js
[DEV][Wed Nov 06 2013 23:00:49]: Serving /js/app/jamdisplay.js
[VERBOSE][Wed Nov 06 2013 23:04:54]: Attempting to find playlist with ID: test
[PROD][Wed Nov 06 2013 23:04:54]: Serving playlist test
[DEV][Wed Nov 06 2013 23:04:54]: Serving /style/jammin.css
[DEV][Wed Nov 06 2013 23:04:54]: Serving /js/lib/require.js
[DEV][Wed Nov 06 2013 23:04:54]: Serving /js/lib/jsuri.js
[DEV][Wed Nov 06 2013 23:04:55]: Serving /js/app.js
[DEV][Wed Nov 06 2013 23:04:55]: Serving /js/app/main.js
[DEV][Wed Nov 06 2013 23:04:55]: Serving /js/app/jammin.js
[DEV][Wed Nov 06 2013 23:04:55]: Serving /js/lib/arrayinsert.js
[DEV][Wed Nov 06 2013 23:04:55]: Serving /js/lib/jquery.js
[DEV][Wed Nov 06 2013 23:04:55]: Serving /js/app/song.js
[DEV][Wed Nov 06 2013 23:04:55]: Serving /js/app/playlist.js
[DEV][Wed Nov 06 2013 23:04:55]: Serving /js/lib/jqueryui.js
[DEV][Wed Nov 06 2013 23:04:55]: Serving /js/app/jamdisplay.js
[VERBOSE][Wed Nov 06 2013 23:06:55]: Attempting to find playlist with ID: test
[PROD][Wed Nov 06 2013 23:06:55]: Serving playlist test
[DEV][Wed Nov 06 2013 23:06:55]: Serving /style/jammin.css
[DEV][Wed Nov 06 2013 23:06:55]: Serving /js/lib/jsuri.js
[DEV][Wed Nov 06 2013 23:06:55]: Serving /js/lib/require.js
[DEV][Wed Nov 06 2013 23:06:56]: Serving /js/app.js
[DEV][Wed Nov 06 2013 23:06:56]: Serving /js/app/main.js
[DEV][Wed Nov 06 2013 23:06:56]: Serving /js/app/jammin.js
[DEV][Wed Nov 06 2013 23:06:56]: Serving /js/lib/arrayinsert.js
[DEV][Wed Nov 06 2013 23:06:56]: Serving /js/lib/jquery.js
[DEV][Wed Nov 06 2013 23:06:56]: Serving /js/app/song.js
[DEV][Wed Nov 06 2013 23:06:56]: Serving /js/app/playlist.js
[DEV][Wed Nov 06 2013 23:06:56]: Serving /js/lib/jqueryui.js
[DEV][Wed Nov 06 2013 23:06:56]: Serving /js/app/jamdisplay.js
[VERBOSE][Wed Nov 06 2013 23:08:14]: Attempting to find playlist with ID: test
[PROD][Wed Nov 06 2013 23:08:14]: Serving playlist test
[DEV][Wed Nov 06 2013 23:08:15]: Serving /style/jammin.css
[DEV][Wed Nov 06 2013 23:08:15]: Serving /js/lib/jsuri.js
[DEV][Wed Nov 06 2013 23:08:15]: Serving /js/lib/require.js
[DEV][Wed Nov 06 2013 23:08:15]: Serving /js/app.js
[DEV][Wed Nov 06 2013 23:08:15]: Serving /js/app/main.js
[DEV][Wed Nov 06 2013 23:08:15]: Serving /js/app/jammin.js
[DEV][Wed Nov 06 2013 23:08:15]: Serving /js/lib/arrayinsert.js
[DEV][Wed Nov 06 2013 23:08:15]: Serving /js/lib/jquery.js
[DEV][Wed Nov 06 2013 23:08:15]: Serving /js/app/song.js
[DEV][Wed Nov 06 2013 23:08:15]: Serving /js/app/playlist.js
[DEV][Wed Nov 06 2013 23:08:15]: Serving /js/lib/jqueryui.js
[DEV][Wed Nov 06 2013 23:08:15]: Serving /js/app/jamdisplay.js
[VERBOSE][Wed Nov 06 2013 23:08:53]: Attempting to find playlist with ID: test
[PROD][Wed Nov 06 2013 23:08:53]: Serving playlist test
[DEV][Wed Nov 06 2013 23:08:53]: Serving /style/jammin.css
[DEV][Wed Nov 06 2013 23:08:53]: Serving /js/lib/jsuri.js
[DEV][Wed Nov 06 2013 23:08:53]: Serving /js/lib/require.js
[DEV][Wed Nov 06 2013 23:08:53]: Serving /js/app.js
[DEV][Wed Nov 06 2013 23:08:53]: Serving /js/app/main.js
[DEV][Wed Nov 06 2013 23:08:53]: Serving /js/app/jammin.js
[DEV][Wed Nov 06 2013 23:08:53]: Serving /js/lib/arrayinsert.js
[DEV][Wed Nov 06 2013 23:08:53]: Serving /js/lib/jquery.js
[DEV][Wed Nov 06 2013 23:08:53]: Serving /js/app/playlist.js
[DEV][Wed Nov 06 2013 23:08:53]: Serving /js/app/song.js
[DEV][Wed Nov 06 2013 23:08:53]: Serving /js/lib/jqueryui.js
[DEV][Wed Nov 06 2013 23:08:53]: Serving /js/app/jamdisplay.js
[VERBOSE][Wed Nov 06 2013 23:09:03]: Attempting to find playlist with ID: test
[PROD][Wed Nov 06 2013 23:09:03]: Serving playlist test
[DEV][Wed Nov 06 2013 23:09:03]: Serving /style/jammin.css
[DEV][Wed Nov 06 2013 23:09:03]: Serving /js/lib/jsuri.js
[DEV][Wed Nov 06 2013 23:09:03]: Serving /js/lib/require.js
[DEV][Wed Nov 06 2013 23:09:03]: Serving /js/app.js
[DEV][Wed Nov 06 2013 23:09:03]: Serving /js/app/main.js
[DEV][Wed Nov 06 2013 23:09:03]: Serving /js/app/jammin.js
[DEV][Wed Nov 06 2013 23:09:03]: Serving /js/lib/arrayinsert.js
[DEV][Wed Nov 06 2013 23:09:03]: Serving /js/lib/jquery.js
[DEV][Wed Nov 06 2013 23:09:03]: Serving /js/app/song.js
[DEV][Wed Nov 06 2013 23:09:03]: Serving /js/app/playlist.js
[DEV][Wed Nov 06 2013 23:09:03]: Serving /js/lib/jqueryui.js
[DEV][Wed Nov 06 2013 23:09:03]: Serving /js/app/jamdisplay.js
[VERBOSE][Wed Nov 06 2013 23:09:17]: Attempting to find playlist with ID: test
[PROD][Wed Nov 06 2013 23:09:17]: Serving playlist test
[DEV][Wed Nov 06 2013 23:09:18]: Serving /style/jammin.css
[DEV][Wed Nov 06 2013 23:09:18]: Serving /js/lib/jsuri.js
[DEV][Wed Nov 06 2013 23:09:18]: Serving /js/lib/require.js
[DEV][Wed Nov 06 2013 23:09:18]: Serving /js/app.js
[DEV][Wed Nov 06 2013 23:09:18]: Serving /js/app/main.js
[DEV][Wed Nov 06 2013 23:09:18]: Serving /js/app/jammin.js
[DEV][Wed Nov 06 2013 23:09:18]: Serving /js/lib/arrayinsert.js
[DEV][Wed Nov 06 2013 23:09:18]: Serving /js/lib/jquery.js
[DEV][Wed Nov 06 2013 23:09:18]: Serving /js/app/song.js
[DEV][Wed Nov 06 2013 23:09:18]: Serving /js/app/playlist.js
[DEV][Wed Nov 06 2013 23:09:18]: Serving /js/lib/jqueryui.js
[DEV][Wed Nov 06 2013 23:09:18]: Serving /js/app/jamdisplay.js
[VERBOSE][Wed Nov 06 2013 23:20:38]: Attempting to find playlist with ID: test
[PROD][Wed Nov 06 2013 23:20:38]: Serving playlist test
[DEV][Wed Nov 06 2013 23:20:39]: Serving /js/lib/jsuri.js
[DEV][Wed Nov 06 2013 23:20:39]: Serving /js/lib/require.js
[DEV][Wed Nov 06 2013 23:20:39]: Serving /style/jammin.css
[DEV][Wed Nov 06 2013 23:20:39]: Serving /js/app.js
[DEV][Wed Nov 06 2013 23:20:39]: Serving /js/app/main.js
[DEV][Wed Nov 06 2013 23:20:39]: Serving /js/app/jammin.js
[DEV][Wed Nov 06 2013 23:20:39]: Serving /js/lib/arrayinsert.js
[DEV][Wed Nov 06 2013 23:20:39]: Serving /js/lib/jquery.js
[DEV][Wed Nov 06 2013 23:20:39]: Serving /js/app/song.js
[DEV][Wed Nov 06 2013 23:20:39]: Serving /js/app/playlist.js
[DEV][Wed Nov 06 2013 23:20:39]: Serving /js/lib/jqueryui.js
[DEV][Wed Nov 06 2013 23:20:39]: Serving /js/app/jamdisplay.js
[VERBOSE][Wed Nov 06 2013 23:22:00]: Attempting to find playlist with ID: test
[PROD][Wed Nov 06 2013 23:22:00]: Serving playlist test
[DEV][Wed Nov 06 2013 23:22:00]: Serving /js/lib/require.js
[DEV][Wed Nov 06 2013 23:22:00]: Serving /style/jammin.css
[DEV][Wed Nov 06 2013 23:22:00]: Serving /js/lib/jsuri.js
[DEV][Wed Nov 06 2013 23:22:01]: Serving /js/app.js
[DEV][Wed Nov 06 2013 23:22:01]: Serving /js/app/main.js
[DEV][Wed Nov 06 2013 23:22:01]: Serving /js/app/jammin.js
[DEV][Wed Nov 06 2013 23:22:01]: Serving /js/lib/arrayinsert.js
[DEV][Wed Nov 06 2013 23:22:01]: Serving /js/lib/jquery.js
[DEV][Wed Nov 06 2013 23:22:01]: Serving /js/app/song.js
[DEV][Wed Nov 06 2013 23:22:01]: Serving /js/app/playlist.js
[DEV][Wed Nov 06 2013 23:22:01]: Serving /js/lib/jqueryui.js
[DEV][Wed Nov 06 2013 23:22:01]: Serving /js/app/jamdisplay.js
[VERBOSE][Wed Nov 06 2013 23:24:02]: Attempting to find playlist with ID: test
[PROD][Wed Nov 06 2013 23:24:02]: Serving playlist test
[DEV][Wed Nov 06 2013 23:24:03]: Serving /style/jammin.css
[DEV][Wed Nov 06 2013 23:24:03]: Serving /js/lib/jsuri.js
[DEV][Wed Nov 06 2013 23:24:03]: Serving /js/lib/require.js
[DEV][Wed Nov 06 2013 23:24:03]: Serving /js/app.js
[DEV][Wed Nov 06 2013 23:24:03]: Serving /js/app/main.js
[DEV][Wed Nov 06 2013 23:24:03]: Serving /js/app/jammin.js
[DEV][Wed Nov 06 2013 23:24:03]: Serving /js/lib/arrayinsert.js
[DEV][Wed Nov 06 2013 23:24:03]: Serving /js/lib/jquery.js
[DEV][Wed Nov 06 2013 23:24:03]: Serving /js/app/song.js
[DEV][Wed Nov 06 2013 23:24:03]: Serving /js/app/playlist.js
[DEV][Wed Nov 06 2013 23:24:03]: Serving /js/lib/jqueryui.js
[DEV][Wed Nov 06 2013 23:24:03]: Serving /js/app/jamdisplay.js
[VERBOSE][Wed Nov 06 2013 23:25:26]: Attempting to find playlist with ID: test
[PROD][Wed Nov 06 2013 23:25:26]: Serving playlist test
[DEV][Wed Nov 06 2013 23:25:27]: Serving /js/lib/require.js
[DEV][Wed Nov 06 2013 23:25:27]: Serving /style/jammin.css
[DEV][Wed Nov 06 2013 23:25:27]: Serving /js/lib/jsuri.js
[DEV][Wed Nov 06 2013 23:25:27]: Serving /js/app.js
[DEV][Wed Nov 06 2013 23:25:27]: Serving /js/app/main.js
[DEV][Wed Nov 06 2013 23:25:27]: Serving /js/app/jammin.js
[DEV][Wed Nov 06 2013 23:25:27]: Serving /js/lib/arrayinsert.js
[DEV][Wed Nov 06 2013 23:25:27]: Serving /js/app/song.js
[DEV][Wed Nov 06 2013 23:25:27]: Serving /js/app/playlist.js
[DEV][Wed Nov 06 2013 23:25:27]: Serving /js/lib/jquery.js
[DEV][Wed Nov 06 2013 23:25:27]: Serving /js/app/jamdisplay.js
[DEV][Wed Nov 06 2013 23:25:27]: Serving /js/lib/jqueryui.js
[DEV][Wed Nov 06 2013 23:25:31]: [object Object]
[DEV][Wed Nov 06 2013 23:25:31]: Saving playlist 4kr133uyt
[VERBOSE][Wed Nov 06 2013 23:36:41]: Attempting to find playlist with ID: test
[PROD][Wed Nov 06 2013 23:36:41]: Serving playlist test
[DEV][Wed Nov 06 2013 23:36:41]: Serving /style/jammin.css
[DEV][Wed Nov 06 2013 23:36:41]: Serving /js/lib/require.js
[DEV][Wed Nov 06 2013 23:36:41]: Serving /js/lib/jsuri.js
[DEV][Wed Nov 06 2013 23:36:41]: Serving /js/app.js
[DEV][Wed Nov 06 2013 23:36:41]: Serving /js/app/main.js
[DEV][Wed Nov 06 2013 23:36:41]: Serving /js/app/jammin.js
[DEV][Wed Nov 06 2013 23:36:41]: Serving /js/lib/arrayinsert.js
[DEV][Wed Nov 06 2013 23:36:41]: Serving /js/lib/jquery.js
[DEV][Wed Nov 06 2013 23:36:41]: Serving /js/app/song.js
[DEV][Wed Nov 06 2013 23:36:41]: Serving /js/app/playlist.js
[DEV][Wed Nov 06 2013 23:36:41]: Serving /js/lib/jqueryui.js
[DEV][Wed Nov 06 2013 23:36:41]: Serving /js/app/jamdisplay.js
[DEV][Wed Nov 06 2013 23:37:03]: [object Object]
[DEV][Wed Nov 06 2013 23:37:03]: Saving playlist 4tjorm4o8
[VERBOSE][Wed Nov 06 2013 23:40:13]: Attempting to find playlist with ID: test
[PROD][Wed Nov 06 2013 23:40:13]: Serving playlist test
[DEV][Wed Nov 06 2013 23:40:13]: Serving /style/jammin.css
[DEV][Wed Nov 06 2013 23:40:13]: Serving /js/lib/jsuri.js
[DEV][Wed Nov 06 2013 23:40:13]: Serving /js/lib/require.js
[DEV][Wed Nov 06 2013 23:40:14]: Serving /js/app.js
[DEV][Wed Nov 06 2013 23:40:14]: Serving /js/app/main.js
[DEV][Wed Nov 06 2013 23:40:14]: Serving /js/app/jammin.js
[DEV][Wed Nov 06 2013 23:40:14]: Serving /js/lib/arrayinsert.js
[DEV][Wed Nov 06 2013 23:40:14]: Serving /js/lib/jquery.js
[DEV][Wed Nov 06 2013 23:40:14]: Serving /js/app/song.js
[DEV][Wed Nov 06 2013 23:40:14]: Serving /js/app/playlist.js
[DEV][Wed Nov 06 2013 23:40:14]: Serving /js/lib/jqueryui.js
[DEV][Wed Nov 06 2013 23:40:14]: Serving /js/app/jamdisplay.js
[DEV][Wed Nov 06 2013 23:40:35]: [object Object]
[DEV][Wed Nov 06 2013 23:40:35]: Saving playlist 4w91kb3sq
[DEV][Wed Nov 06 2013 23:41:14]: [object Object]
[DEV][Wed Nov 06 2013 23:41:14]: Saving playlist 4wr1nzkv0
[VERBOSE][Wed Nov 06 2013 23:41:16]: Attempting to find playlist with ID: test
[PROD][Wed Nov 06 2013 23:41:16]: Serving playlist test
[DEV][Wed Nov 06 2013 23:41:16]: Serving /js/lib/jsuri.js
[DEV][Wed Nov 06 2013 23:41:16]: Serving /style/jammin.css
[DEV][Wed Nov 06 2013 23:41:16]: Serving /js/lib/require.js
[DEV][Wed Nov 06 2013 23:41:17]: Serving /js/app.js
[DEV][Wed Nov 06 2013 23:41:17]: Serving /js/app/main.js
[DEV][Wed Nov 06 2013 23:41:17]: Serving /js/app/jammin.js
[DEV][Wed Nov 06 2013 23:41:17]: Serving /js/lib/arrayinsert.js
[DEV][Wed Nov 06 2013 23:41:17]: Serving /js/lib/jquery.js
[DEV][Wed Nov 06 2013 23:41:17]: Serving /js/app/song.js
[DEV][Wed Nov 06 2013 23:41:17]: Serving /js/app/playlist.js
[DEV][Wed Nov 06 2013 23:41:17]: Serving /js/lib/jqueryui.js
[DEV][Wed Nov 06 2013 23:41:17]: Serving /js/app/jamdisplay.js
[DEV][Wed Nov 06 2013 23:41:20]: [object Object]
[DEV][Wed Nov 06 2013 23:41:20]: Saving playlist 4wu3on318
[VERBOSE][Wed Nov 06 2013 23:43:34]: Attempting to find playlist with ID: 4wu3on318
[PROD][Wed Nov 06 2013 23:43:34]: Serving playlist 4wu3on318
[DEV][Wed Nov 06 2013 23:43:34]: Serving /style/jammin.css
[DEV][Wed Nov 06 2013 23:43:34]: Serving /js/lib/jsuri.js
[DEV][Wed Nov 06 2013 23:43:34]: Serving /js/lib/require.js
[DEV][Wed Nov 06 2013 23:43:34]: Serving /js/app.js
[DEV][Wed Nov 06 2013 23:43:34]: Serving /js/app/main.js
[DEV][Wed Nov 06 2013 23:43:34]: Serving /js/app/jammin.js
[DEV][Wed Nov 06 2013 23:43:34]: Serving /js/lib/arrayinsert.js
[DEV][Wed Nov 06 2013 23:43:34]: Serving /js/lib/jquery.js
[DEV][Wed Nov 06 2013 23:43:34]: Serving /js/app/song.js
[DEV][Wed Nov 06 2013 23:43:34]: Serving /js/app/playlist.js
[DEV][Wed Nov 06 2013 23:43:34]: Serving /js/lib/jqueryui.js
[DEV][Wed Nov 06 2013 23:43:34]: Serving /js/app/jamdisplay.js
[DEV][Wed Nov 06 2013 23:43:36]: [object Object]
[DEV][Wed Nov 06 2013 23:43:36]: Saving playlist 4yka3zh4a
[DEV][Wed Nov 06 2013 23:45:09]: [object Object]
[DEV][Wed Nov 06 2013 23:45:09]: Saving playlist 4zr7vyhw3
[DEV][Wed Nov 06 2013 23:45:34]: [object Object]
[DEV][Wed Nov 06 2013 23:45:34]: Saving playlist 502wbqvaf
[VERBOSE][Thu Nov 07 2013 00:19:31]: Attempting to find playlist with ID: 502wbqvaf
[PROD][Thu Nov 07 2013 00:19:31]: Serving playlist 502wbqvaf
[DEV][Thu Nov 07 2013 00:19:32]: Serving /style/jammin.css
[DEV][Thu Nov 07 2013 00:19:32]: Serving /js/lib/jsuri.js
[DEV][Thu Nov 07 2013 00:19:32]: Serving /js/lib/require.js
[DEV][Thu Nov 07 2013 00:19:32]: Serving /js/app.js
[DEV][Thu Nov 07 2013 00:19:32]: Serving /js/app/main.js
[DEV][Thu Nov 07 2013 00:19:32]: Serving /js/app/jammin.js
[DEV][Thu Nov 07 2013 00:19:32]: Serving /js/lib/arrayinsert.js
[DEV][Thu Nov 07 2013 00:19:32]: Serving /js/app/song.js
[DEV][Thu Nov 07 2013 00:19:32]: Serving /js/app/playlist.js
[DEV][Thu Nov 07 2013 00:19:32]: Serving /js/lib/jquery.js
[DEV][Thu Nov 07 2013 00:19:32]: Serving /js/app/jamdisplay.js
[DEV][Thu Nov 07 2013 00:19:32]: Serving /js/lib/jqueryui.js
[VERBOSE][Thu Nov 07 2013 00:19:38]: Attempting to find playlist with ID: 502wbqvaf
[PROD][Thu Nov 07 2013 00:19:38]: Serving playlist 502wbqvaf
[DEV][Thu Nov 07 2013 00:19:38]: Serving /style/jammin.css
[DEV][Thu Nov 07 2013 00:19:38]: Serving /js/lib/jsuri.js
[DEV][Thu Nov 07 2013 00:19:38]: Serving /js/lib/require.js
[DEV][Thu Nov 07 2013 00:19:39]: Serving /js/app.js
[DEV][Thu Nov 07 2013 00:19:39]: Serving /js/app/main.js
[DEV][Thu Nov 07 2013 00:19:39]: Serving /js/app/jammin.js
[DEV][Thu Nov 07 2013 00:19:39]: Serving /js/lib/arrayinsert.js
[DEV][Thu Nov 07 2013 00:19:39]: Serving /js/app/song.js
[DEV][Thu Nov 07 2013 00:19:39]: Serving /js/app/playlist.js
[DEV][Thu Nov 07 2013 00:19:39]: Serving /js/lib/jquery.js
[DEV][Thu Nov 07 2013 00:19:39]: Serving /js/app/jamdisplay.js
[DEV][Thu Nov 07 2013 00:19:39]: Serving /js/lib/jqueryui.js
[DEV][Thu Nov 07 2013 00:20:00]: Serving /playlist.ejs
[DEV][Thu Nov 07 2013 00:20:00]: Serving /style/jammin.css
[DEV][Thu Nov 07 2013 00:20:00]: Serving /js/lib/jsuri.js
[DEV][Thu Nov 07 2013 00:20:00]: Serving /js/lib/require.js
[DEV][Thu Nov 07 2013 00:20:00]: Serving /js/app.js
[DEV][Thu Nov 07 2013 00:20:00]: Serving /js/app/main.js
[DEV][Thu Nov 07 2013 00:20:00]: Serving /js/app/jammin.js
[DEV][Thu Nov 07 2013 00:20:00]: Serving /js/lib/arrayinsert.js
[DEV][Thu Nov 07 2013 00:20:00]: Serving /js/lib/jquery.js
[DEV][Thu Nov 07 2013 00:20:00]: Serving /js/app/song.js
[DEV][Thu Nov 07 2013 00:20:00]: Serving /js/app/playlist.js
[DEV][Thu Nov 07 2013 00:20:00]: Serving /js/lib/jqueryui.js
[DEV][Thu Nov 07 2013 00:20:00]: Serving /js/app/jamdisplay.js
[DEV][Thu Nov 07 2013 00:25:16]: Serving /playlist.ejs
[DEV][Thu Nov 07 2013 00:25:16]: Serving /style/jammin.css
[DEV][Thu Nov 07 2013 00:25:16]: Serving /js/lib/jsuri.js
[DEV][Thu Nov 07 2013 00:25:16]: Serving /js/lib/require.js
[DEV][Thu Nov 07 2013 00:25:16]: Serving /js/app.js
[DEV][Thu Nov 07 2013 00:25:16]: Serving /js/app/main.js
[DEV][Thu Nov 07 2013 00:25:16]: Serving /js/app/jammin.js
[DEV][Thu Nov 07 2013 00:25:16]: Serving /js/lib/arrayinsert.js
[DEV][Thu Nov 07 2013 00:25:16]: Serving /js/lib/jquery.js
[DEV][Thu Nov 07 2013 00:25:16]: Serving /js/app/song.js
[DEV][Thu Nov 07 2013 00:25:16]: Serving /js/app/playlist.js
[DEV][Thu Nov 07 2013 00:25:16]: Serving /js/lib/jqueryui.js
[DEV][Thu Nov 07 2013 00:25:16]: Serving /js/app/jamdisplay.js
[DEV][Thu Nov 07 2013 00:27:25]: Serving /playlist.ejs
[DEV][Thu Nov 07 2013 00:27:25]: Serving /style/jammin.css
[DEV][Thu Nov 07 2013 00:27:25]: Serving /js/lib/jsuri.js
[DEV][Thu Nov 07 2013 00:27:25]: Serving /js/lib/require.js
[DEV][Thu Nov 07 2013 00:27:26]: Serving /js/app.js
[DEV][Thu Nov 07 2013 00:27:26]: Serving /js/app/main.js
[DEV][Thu Nov 07 2013 00:27:26]: Serving /js/lib/arrayinsert.js
[DEV][Thu Nov 07 2013 00:27:26]: Serving /js/lib/jquery.js
[DEV][Thu Nov 07 2013 00:27:26]: Serving /js/app/jammin.js
[DEV][Thu Nov 07 2013 00:27:26]: Serving /js/app/song.js
[DEV][Thu Nov 07 2013 00:27:26]: Serving /js/app/playlist.js
[DEV][Thu Nov 07 2013 00:27:26]: Serving /js/lib/jqueryui.js
[DEV][Thu Nov 07 2013 00:27:26]: Serving /js/app/jamdisplay.js
